# JRE version: Java(TM) SE Runtime Environment (18.0.1+10) (build 18.0.1+10-24)
# Java VM: Java HotSpot(TM) 64-Bit Server VM (18.0.1+10-24, mixed mode, sharing, tiered, compressed oops, compressed class ptrs, g1 gc, windows-amd64)
GC Precious Log:
 CardTable entry size: 512
 Card Set container configuration: InlinePtr #cards 4 size 8 Array Of Cards #cards 16 size 48 Howl #buckets 8 coarsen threshold 3686 Howl Bitmap #cards 512 size 80 coarsen threshold 460 Card regions per heap region 1 cards per card region 4096
 CPUs: 8 total, 8 available
 Memory: 16221M
 Large Page Support: Disabled
 NUMA Support: Disabled
 Compressed Oops: Enabled (Zero based)
 Heap Region Size: 2M
 Heap Min Capacity: 8M
 Heap Initial Capacity: 254M
 Heap Max Capacity: 4056M
 Pre-touch: Disabled
 Parallel Workers: 8
 Concurrent Workers: 2
 Concurrent Refinement Workers: 8
 Periodic GC: Disabled
Heap:
 garbage-first heap   total 1118208K, used 299946K [0x0000000702800000, 0x0000000800000000)
  region size 2048K, 0 young (0K), 0 survivors (0K)
 Metaspace       used 1321K, committed 1536K, reserved 1114112K
  class space    used 104K, committed 192K, reserved 1048576K
GC Heap History (8 events):
Event: 8.520 GC heap before
{Heap before GC invocations=0 (full 0):
 garbage-first heap   total 260096K, used 88064K [0x0000000702800000, 0x0000000800000000)
  region size 2048K, 4 young (8192K), 0 survivors (0K)
 Metaspace       used 1321K, committed 1536K, reserved 1114112K
  class space    used 104K, committed 192K, reserved 1048576K
}
Event: 8.524 GC heap after
{Heap after GC invocations=1 (full 0):
 garbage-first heap   total 260096K, used 41995K [0x0000000702800000, 0x0000000800000000)
  region size 2048K, 2 young (4096K), 2 survivors (4096K)
 Metaspace       used 1321K, committed 1536K, reserved 1114112K
  class space    used 104K, committed 192K, reserved 1048576K
}
Event: 8.789 GC heap before
{Heap before GC invocations=1 (full 0):
 garbage-first heap   total 260096K, used 117771K [0x0000000702800000, 0x0000000800000000)
  region size 2048K, 2 young (4096K), 2 survivors (4096K)
 Metaspace       used 1321K, committed 1536K, reserved 1114112K
  class space    used 104K, committed 192K, reserved 1048576K
}
Event: 8.791 GC heap after
{Heap after GC invocations=2 (full 0):
 garbage-first heap   total 260096K, used 78762K [0x0000000702800000, 0x0000000800000000)
  region size 2048K, 0 young (0K), 0 survivors (0K)
 Metaspace       used 1321K, committed 1536K, reserved 1114112K
  class space    used 104K, committed 192K, reserved 1048576K
}
Event: 9.266 GC heap before
{Heap before GC invocations=2 (full 0):
 garbage-first heap   total 307200K, used 228266K [0x0000000702800000, 0x0000000800000000)
  region size 2048K, 0 young (0K), 0 survivors (0K)
 Metaspace       used 1321K, committed 1536K, reserved 1114112K
  class space    used 104K, committed 192K, reserved 1048576K
}
Event: 9.266 GC heap after
{Heap after GC invocations=3 (full 0):
 garbage-first heap   total 307200K, used 152490K [0x0000000702800000, 0x0000000800000000)
  region size 2048K, 0 young (0K), 0 survivors (0K)
 Metaspace       used 1321K, committed 1536K, reserved 1114112K
  class space    used 104K, committed 192K, reserved 1048576K
}
Event: 10.256 GC heap before
{Heap before GC invocations=4 (full 0):
 garbage-first heap   total 751616K, used 449450K [0x0000000702800000, 0x0000000800000000)
  region size 2048K, 0 young (0K), 0 survivors (0K)
 Metaspace       used 1321K, committed 1536K, reserved 1114112K
  class space    used 104K, committed 192K, reserved 1048576K
}
Event: 10.257 GC heap after
{Heap after GC invocations=5 (full 0):
 garbage-first heap   total 751616K, used 299946K [0x0000000702800000, 0x0000000800000000)
  region size 2048K, 0 young (0K), 0 survivors (0K)
 Metaspace       used 1321K, committed 1536K, reserved 1114112K
  class space    used 104K, committed 192K, reserved 1048576K
}

