# JRE version: OpenJDK Runtime Environment JBR-17.0.3+7-469.32-jcef (17.0.3+7) (build 17.0.3+7-b469.32)
# Java VM: OpenJDK 64-Bit Server VM JBR-17.0.3+7-469.32-jcef (17.0.3+7-b469.32, mixed mode, tiered, compressed oops, compressed class ptrs, g1 gc, windows-amd64)
GC Precious Log:
 CPUs: 8 total, 8 available
 Memory: 16221M
 Large Page Support: Disabled
 NUMA Support: Disabled
 Compressed Oops: Enabled (32-bit)
 Heap Region Size: 1M
 Heap Min Capacity: 128M
 Heap Initial Capacity: 128M
 Heap Max Capacity: 2028M
 Pre-touch: Disabled
 Parallel Workers: 8
 Concurrent Workers: 2
 Concurrent Refinement Workers: 8
 Periodic GC: Disabled
Heap:
 garbage-first heap   total 332800K, used 231529K [0x0000000081400000, 0x0000000100000000)
  region size 1024K, 98 young (100352K), 13 survivors (13312K)
 Metaspace       used 166664K, committed 168192K, reserved 1196032K
  class space    used 20592K, committed 21248K, reserved 1048576K
GC Heap History (20 events):
Event: 3.900 GC heap before
{Heap before GC invocations=12 (full 0):
 garbage-first heap   total 157696K, used 75992K [0x0000000081400000, 0x0000000100000000)
  region size 1024K, 11 young (11264K), 6 survivors (6144K)
 Metaspace       used 80914K, committed 81792K, reserved 1122304K
  class space    used 9292K, committed 9664K, reserved 1048576K
}
Event: 3.906 GC heap after
{Heap after GC invocations=13 (full 0):
 garbage-first heap   total 157696K, used 70916K [0x0000000081400000, 0x0000000100000000)
  region size 1024K, 3 young (3072K), 3 survivors (3072K)
 Metaspace       used 80914K, committed 81792K, reserved 1122304K
  class space    used 9292K, committed 9664K, reserved 1048576K
}
Event: 3.996 GC heap before
{Heap before GC invocations=13 (full 0):
 garbage-first heap   total 157696K, used 82180K [0x0000000081400000, 0x0000000100000000)
  region size 1024K, 7 young (7168K), 3 survivors (3072K)
 Metaspace       used 83755K, committed 84608K, reserved 1130496K
  class space    used 9633K, committed 9984K, reserved 1048576K
}
Event: 4.002 GC heap after
{Heap after GC invocations=14 (full 0):
 garbage-first heap   total 157696K, used 79737K [0x0000000081400000, 0x0000000100000000)
  region size 1024K, 4 young (4096K), 4 survivors (4096K)
 Metaspace       used 83755K, committed 84608K, reserved 1130496K
  class space    used 9633K, committed 9984K, reserved 1048576K
}
Event: 5.104 GC heap before
{Heap before GC invocations=15 (full 0):
 garbage-first heap   total 157696K, used 137081K [0x0000000081400000, 0x0000000100000000)
  region size 1024K, 41 young (41984K), 4 survivors (4096K)
 Metaspace       used 107132K, committed 108224K, reserved 1146880K
  class space    used 13095K, committed 13568K, reserved 1048576K
}
Event: 5.122 GC heap after
{Heap after GC invocations=16 (full 0):
 garbage-first heap   total 222208K, used 90309K [0x0000000081400000, 0x0000000100000000)
  region size 1024K, 6 young (6144K), 6 survivors (6144K)
 Metaspace       used 107132K, committed 108224K, reserved 1146880K
  class space    used 13095K, committed 13568K, reserved 1048576K
}
Event: 5.229 GC heap before
{Heap before GC invocations=16 (full 0):
 garbage-first heap   total 222208K, used 94405K [0x0000000081400000, 0x0000000100000000)
  region size 1024K, 10 young (10240K), 6 survivors (6144K)
 Metaspace       used 108907K, committed 110144K, reserved 1146880K
  class space    used 13318K, committed 13824K, reserved 1048576K
}
Event: 5.242 GC heap after
{Heap after GC invocations=17 (full 0):
 garbage-first heap   total 222208K, used 90433K [0x0000000081400000, 0x0000000100000000)
  region size 1024K, 2 young (2048K), 2 survivors (2048K)
 Metaspace       used 108907K, committed 110144K, reserved 1146880K
  class space    used 13318K, committed 13824K, reserved 1048576K
}
Event: 5.921 GC heap before
{Heap before GC invocations=17 (full 0):
 garbage-first heap   total 222208K, used 159041K [0x0000000081400000, 0x0000000100000000)
  region size 1024K, 69 young (70656K), 2 survivors (2048K)
 Metaspace       used 117335K, committed 118528K, reserved 1155072K
  class space    used 14396K, committed 14912K, reserved 1048576K
}
Event: 5.934 GC heap after
{Heap after GC invocations=18 (full 0):
 garbage-first heap   total 222208K, used 107520K [0x0000000081400000, 0x0000000100000000)
  region size 1024K, 9 young (9216K), 9 survivors (9216K)
 Metaspace       used 117335K, committed 118528K, reserved 1155072K
  class space    used 14396K, committed 14912K, reserved 1048576K
}
Event: 7.175 GC heap before
{Heap before GC invocations=18 (full 0):
 garbage-first heap   total 222208K, used 153600K [0x0000000081400000, 0x0000000100000000)
  region size 1024K, 56 young (57344K), 9 survivors (9216K)
 Metaspace       used 138070K, committed 139456K, reserved 1171456K
  class space    used 16897K, committed 17536K, reserved 1048576K
}
Event: 7.200 GC heap after
{Heap after GC invocations=19 (full 0):
 garbage-first heap   total 222208K, used 124638K [0x0000000081400000, 0x0000000100000000)
  region size 1024K, 8 young (8192K), 8 survivors (8192K)
 Metaspace       used 138070K, committed 139456K, reserved 1171456K
  class space    used 16897K, committed 17536K, reserved 1048576K
}
Event: 7.626 GC heap before
{Heap before GC invocations=20 (full 0):
 garbage-first heap   total 229376K, used 180958K [0x0000000081400000, 0x0000000100000000)
  region size 1024K, 49 young (50176K), 8 survivors (8192K)
 Metaspace       used 140984K, committed 142336K, reserved 1179648K
  class space    used 17351K, committed 17920K, reserved 1048576K
}
Event: 7.644 GC heap after
{Heap after GC invocations=21 (full 0):
 garbage-first heap   total 229376K, used 121366K [0x0000000081400000, 0x0000000100000000)
  region size 1024K, 6 young (6144K), 6 survivors (6144K)
 Metaspace       used 140984K, committed 142336K, reserved 1179648K
  class space    used 17351K, committed 17920K, reserved 1048576K
}
Event: 7.663 GC heap before
{Heap before GC invocations=21 (full 0):
 garbage-first heap   total 229376K, used 126486K [0x0000000081400000, 0x0000000100000000)
  region size 1024K, 11 young (11264K), 6 survivors (6144K)
 Metaspace       used 141061K, committed 142400K, reserved 1179648K
  class space    used 17361K, committed 17920K, reserved 1048576K
}
Event: 7.673 GC heap after
{Heap after GC invocations=22 (full 0):
 garbage-first heap   total 332800K, used 121278K [0x0000000081400000, 0x0000000100000000)
  region size 1024K, 1 young (1024K), 1 survivors (1024K)
 Metaspace       used 141061K, committed 142400K, reserved 1179648K
  class space    used 17361K, committed 17920K, reserved 1048576K
}
Event: 9.244 GC heap before
{Heap before GC invocations=22 (full 0):
 garbage-first heap   total 332800K, used 225726K [0x0000000081400000, 0x0000000100000000)
  region size 1024K, 104 young (106496K), 1 survivors (1024K)
 Metaspace       used 150416K, committed 151808K, reserved 1187840K
  class space    used 18526K, committed 19136K, reserved 1048576K
}
Event: 9.276 GC heap after
{Heap after GC invocations=23 (full 0):
 garbage-first heap   total 332800K, used 131922K [0x0000000081400000, 0x0000000100000000)
  region size 1024K, 12 young (12288K), 12 survivors (12288K)
 Metaspace       used 150416K, committed 151808K, reserved 1187840K
  class space    used 18526K, committed 19136K, reserved 1048576K
}
Event: 10.603 GC heap before
{Heap before GC invocations=23 (full 0):
 garbage-first heap   total 332800K, used 244562K [0x0000000081400000, 0x0000000100000000)
  region size 1024K, 118 young (120832K), 12 survivors (12288K)
 Metaspace       used 160492K, committed 161920K, reserved 1196032K
  class space    used 19798K, committed 20480K, reserved 1048576K
}
Event: 10.618 GC heap after
{Heap after GC invocations=24 (full 0):
 garbage-first heap   total 332800K, used 145513K [0x0000000081400000, 0x0000000100000000)
  region size 1024K, 13 young (13312K), 13 survivors (13312K)
 Metaspace       used 160492K, committed 161920K, reserved 1196032K
  class space    used 19798K, committed 20480K, reserved 1048576K
}

